#-----------------------------------------------------------
# Vivado v2014.4 (64-bit)
# SW Build 1071353 on Tue Nov 18 16:47:07 MST 2014
# IP Build 1070531 on Tue Nov 18 01:10:18 MST 2014
# Start of session at: Tue Oct  6 14:48:30 2015
# Process ID: 16576
# Log file: /home/delphin/svn2/brynhild/InnoRoute/hg_sw/TrustNode/EmbeddedLinux/BuildRootPKGs/InnoRoute/TrustNodeDriver/src/vivado.log
# Journal file: /home/delphin/svn2/brynhild/InnoRoute/hg_sw/TrustNode/EmbeddedLinux/BuildRootPKGs/InnoRoute/TrustNodeDriver/src/vivado.jou
#-----------------------------------------------------------
start_gui
open_hw
INFO: [IP_Flow 19-234] Refreshing IP repositories
INFO: [IP_Flow 19-1704] No user IP repositories specified
INFO: [IP_Flow 19-2313] Loaded Vivado IP repository '/opt/Xilinx/Vivado/2014.4/data/ip'.
connect_hw_server
INFO: [Labtools 27-2285] Connecting to hw_server url TCP:localhost:3121
INFO: [Labtools 27-2222] Launching hw_server...
INFO: [Labtools 27-2221] Launch Output:

****** Xilinx hw_server v2014.4
  **** Build date : Nov 18 2014-16:45:43
    ** Copyright 1986-1999, 2001-2014 Xilinx, Inc. All Rights Reserved.

INFO: hw_server application started
INFO: Use Ctrl-C to exit hw_server application


open_hw_target [lindex [get_hw_targets -of_objects [get_hw_servers localhost]] 0]
INFO: [Labtoolstcl 44-466] Opening hw_target localhost:3121/xilinx_tcf/Digilent/210203356674A
current_hw_device [lindex [get_hw_devices] 0]
refresh_hw_device -update_hw_probes false [lindex [get_hw_devices] 0]
INFO: [Labtools 27-2302] Device xc7a200t (JTAG device index = 0) is programmed with a design that has 1 ILA core(s).
create_hw_cfgmem -hw_device [lindex [get_hw_devices] 0] -mem_dev  [lindex [get_cfgmem_parts {n25q256-3.3v-spi-x1_x2_x4}] 0]
set_property PROGRAM.BLANK_CHECK  0 [ get_property PROGRAM.HW_CFGMEM [lindex [get_hw_devices] 0 ]]
set_property PROGRAM.ERASE  1 [ get_property PROGRAM.HW_CFGMEM [lindex [get_hw_devices] 0 ]]
set_property PROGRAM.CFG_PROGRAM  1 [ get_property PROGRAM.HW_CFGMEM [lindex [get_hw_devices] 0 ]]
set_property PROGRAM.VERIFY  1 [ get_property PROGRAM.HW_CFGMEM [lindex [get_hw_devices] 0 ]]
refresh_hw_device [lindex [get_hw_devices] 0]
INFO: [Labtools 27-2302] Device xc7a200t (JTAG device index = 0) is programmed with a design that has 1 ILA core(s).
WARNING: [Labtools 27-1347] Unable to find Debug Probes file []. Please update hw_device property [PROBES.FILE]
 Update of hw_probe objects, will be skipped.
set_property PROGRAM.ADDRESS_RANGE  {use_file} [ get_property PROGRAM.HW_CFGMEM [lindex [get_hw_devices] 0 ]]
set_property PROGRAM.FILES [list "/home/delphin/svn2/brynhild/InnoRoute/trustnode_2015.09.6_AC701_build-XXX.mcs" ] [ get_property PROGRAM.HW_CFGMEM [lindex [get_hw_devices] 0]]
set_property PROGRAM.UNUSED_PIN_TERMINATION {pull-none} [ get_property PROGRAM.HW_CFGMEM [lindex [get_hw_devices] 0 ]]
set_property PROGRAM.BLANK_CHECK  0 [ get_property PROGRAM.HW_CFGMEM [lindex [get_hw_devices] 0 ]]
set_property PROGRAM.ERASE  1 [ get_property PROGRAM.HW_CFGMEM [lindex [get_hw_devices] 0 ]]
set_property PROGRAM.CFG_PROGRAM  1 [ get_property PROGRAM.HW_CFGMEM [lindex [get_hw_devices] 0 ]]
set_property PROGRAM.VERIFY  1 [ get_property PROGRAM.HW_CFGMEM [lindex [get_hw_devices] 0 ]]
startgroup 
if {![string equal [get_property PROGRAM.HW_CFGMEM_TYPE  [lindex [get_hw_devices] 0]] [get_property MEM_TYPE [get_property CFGMEM_PART [get_property PROGRAM.HW_CFGMEM [lindex [get_hw_devices] 0 ]]]]] }  { create_hw_bitstream -hw_device [lindex [get_hw_devices] 0] [get_property PROGRAM.HW_CFGMEM_BITFILE [ lindex [get_hw_devices] 0]]; program_hw_devices [lindex [get_hw_devices] 0]; }; 
INFO: [Labtools 27-32] Done pin status: HIGH
program_hw_cfgmem -hw_cfgmem [get_property PROGRAM.HW_CFGMEM [lindex [get_hw_devices] 0 ]]
Mfg ID : 20   Memory Type : ba   Memory Capacity : 19
Performing Erase Operation...
Erase Operation successful.
Performing Program Operation...
Program Operation successful.
Performing Verify Operation...
Verify Operation successful.
INFO: [Labtoolstcl 44-377] Flash programming completed successfully
program_hw_cfgmem: Time (s): cpu = 00:00:02 ; elapsed = 00:00:54 . Memory (MB): peak = 5870.469 ; gain = 0.004 ; free physical = 4747 ; free virtual = 24239
endgroup
set_property PROGRAM.ADDRESS_RANGE  {use_file} [ get_property PROGRAM.HW_CFGMEM [lindex [get_hw_devices] 0 ]]
set_property PROGRAM.FILES [list "/home/delphin/svn2/brynhild/InnoRoute/trustnode_2015.09.5_AC701_build-XXX.mcs" ] [ get_property PROGRAM.HW_CFGMEM [lindex [get_hw_devices] 0]]
set_property PROGRAM.UNUSED_PIN_TERMINATION {pull-none} [ get_property PROGRAM.HW_CFGMEM [lindex [get_hw_devices] 0 ]]
set_property PROGRAM.BLANK_CHECK  0 [ get_property PROGRAM.HW_CFGMEM [lindex [get_hw_devices] 0 ]]
set_property PROGRAM.ERASE  1 [ get_property PROGRAM.HW_CFGMEM [lindex [get_hw_devices] 0 ]]
set_property PROGRAM.CFG_PROGRAM  1 [ get_property PROGRAM.HW_CFGMEM [lindex [get_hw_devices] 0 ]]
set_property PROGRAM.VERIFY  1 [ get_property PROGRAM.HW_CFGMEM [lindex [get_hw_devices] 0 ]]
startgroup 
if {![string equal [get_property PROGRAM.HW_CFGMEM_TYPE  [lindex [get_hw_devices] 0]] [get_property MEM_TYPE [get_property CFGMEM_PART [get_property PROGRAM.HW_CFGMEM [lindex [get_hw_devices] 0 ]]]]] }  { create_hw_bitstream -hw_device [lindex [get_hw_devices] 0] [get_property PROGRAM.HW_CFGMEM_BITFILE [ lindex [get_hw_devices] 0]]; program_hw_devices [lindex [get_hw_devices] 0]; }; 
INFO: [Labtools 27-32] Done pin status: HIGH
program_hw_cfgmem -hw_cfgmem [get_property PROGRAM.HW_CFGMEM [lindex [get_hw_devices] 0 ]]
Mfg ID : 20   Memory Type : ba   Memory Capacity : 19
Performing Erase Operation...
Erase Operation successful.
Performing Program Operation...
Program Operation successful.
Performing Verify Operation...
Verify Operation successful.
INFO: [Labtoolstcl 44-377] Flash programming completed successfully
program_hw_cfgmem: Time (s): cpu = 00:00:01 ; elapsed = 00:00:51 . Memory (MB): peak = 5879.957 ; gain = 0.000 ; free physical = 4715 ; free virtual = 24221
endgroup
set_property PROGRAM.ADDRESS_RANGE  {use_file} [ get_property PROGRAM.HW_CFGMEM [lindex [get_hw_devices] 0 ]]
set_property PROGRAM.FILES [list "/home/delphin/svn2/brynhild/InnoRoute/trustnode_2015.09.6_AC701_build-XXX.mcs" ] [ get_property PROGRAM.HW_CFGMEM [lindex [get_hw_devices] 0]]
set_property PROGRAM.UNUSED_PIN_TERMINATION {pull-none} [ get_property PROGRAM.HW_CFGMEM [lindex [get_hw_devices] 0 ]]
set_property PROGRAM.BLANK_CHECK  0 [ get_property PROGRAM.HW_CFGMEM [lindex [get_hw_devices] 0 ]]
set_property PROGRAM.ERASE  1 [ get_property PROGRAM.HW_CFGMEM [lindex [get_hw_devices] 0 ]]
set_property PROGRAM.CFG_PROGRAM  1 [ get_property PROGRAM.HW_CFGMEM [lindex [get_hw_devices] 0 ]]
set_property PROGRAM.VERIFY  1 [ get_property PROGRAM.HW_CFGMEM [lindex [get_hw_devices] 0 ]]
startgroup 
if {![string equal [get_property PROGRAM.HW_CFGMEM_TYPE  [lindex [get_hw_devices] 0]] [get_property MEM_TYPE [get_property CFGMEM_PART [get_property PROGRAM.HW_CFGMEM [lindex [get_hw_devices] 0 ]]]]] }  { create_hw_bitstream -hw_device [lindex [get_hw_devices] 0] [get_property PROGRAM.HW_CFGMEM_BITFILE [ lindex [get_hw_devices] 0]]; program_hw_devices [lindex [get_hw_devices] 0]; }; 
INFO: [Labtools 27-32] Done pin status: HIGH
program_hw_cfgmem -hw_cfgmem [get_property PROGRAM.HW_CFGMEM [lindex [get_hw_devices] 0 ]]
Mfg ID : 20   Memory Type : ba   Memory Capacity : 19
Performing Erase Operation...
Erase Operation successful.
Performing Program Operation...
Program Operation successful.
Performing Verify Operation...
Verify Operation successful.
INFO: [Labtoolstcl 44-377] Flash programming completed successfully
program_hw_cfgmem: Time (s): cpu = 00:00:00.96 ; elapsed = 00:00:54 . Memory (MB): peak = 5880.574 ; gain = 0.000 ; free physical = 4712 ; free virtual = 24220
endgroup
set_property PROGRAM.ADDRESS_RANGE  {use_file} [ get_property PROGRAM.HW_CFGMEM [lindex [get_hw_devices] 0 ]]
set_property PROGRAM.FILES [list "/home/delphin/svn2/brynhild/InnoRoute/trustnode_2015.09.5_AC701_build-XXX.mcs" ] [ get_property PROGRAM.HW_CFGMEM [lindex [get_hw_devices] 0]]
set_property PROGRAM.UNUSED_PIN_TERMINATION {pull-none} [ get_property PROGRAM.HW_CFGMEM [lindex [get_hw_devices] 0 ]]
set_property PROGRAM.BLANK_CHECK  0 [ get_property PROGRAM.HW_CFGMEM [lindex [get_hw_devices] 0 ]]
set_property PROGRAM.ERASE  1 [ get_property PROGRAM.HW_CFGMEM [lindex [get_hw_devices] 0 ]]
set_property PROGRAM.CFG_PROGRAM  1 [ get_property PROGRAM.HW_CFGMEM [lindex [get_hw_devices] 0 ]]
set_property PROGRAM.VERIFY  1 [ get_property PROGRAM.HW_CFGMEM [lindex [get_hw_devices] 0 ]]
startgroup 
if {![string equal [get_property PROGRAM.HW_CFGMEM_TYPE  [lindex [get_hw_devices] 0]] [get_property MEM_TYPE [get_property CFGMEM_PART [get_property PROGRAM.HW_CFGMEM [lindex [get_hw_devices] 0 ]]]]] }  { create_hw_bitstream -hw_device [lindex [get_hw_devices] 0] [get_property PROGRAM.HW_CFGMEM_BITFILE [ lindex [get_hw_devices] 0]]; program_hw_devices [lindex [get_hw_devices] 0]; }; 
INFO: [Labtools 27-32] Done pin status: HIGH
program_hw_cfgmem -hw_cfgmem [get_property PROGRAM.HW_CFGMEM [lindex [get_hw_devices] 0 ]]
Mfg ID : 20   Memory Type : ba   Memory Capacity : 19
Performing Erase Operation...
Erase Operation successful.
Performing Program Operation...
Program Operation successful.
Performing Verify Operation...
Verify Operation successful.
INFO: [Labtoolstcl 44-377] Flash programming completed successfully
program_hw_cfgmem: Time (s): cpu = 00:00:00.76 ; elapsed = 00:00:51 . Memory (MB): peak = 5882.574 ; gain = 0.000 ; free physical = 4719 ; free virtual = 24219
endgroup
set_property PROGRAM.ADDRESS_RANGE  {use_file} [ get_property PROGRAM.HW_CFGMEM [lindex [get_hw_devices] 0 ]]
set_property PROGRAM.FILES [list "/home/delphin/svn2/brynhild/InnoRoute/trustnode_2015.09.6_AC701_build-XXX.mcs" ] [ get_property PROGRAM.HW_CFGMEM [lindex [get_hw_devices] 0]]
set_property PROGRAM.UNUSED_PIN_TERMINATION {pull-none} [ get_property PROGRAM.HW_CFGMEM [lindex [get_hw_devices] 0 ]]
set_property PROGRAM.BLANK_CHECK  0 [ get_property PROGRAM.HW_CFGMEM [lindex [get_hw_devices] 0 ]]
set_property PROGRAM.ERASE  1 [ get_property PROGRAM.HW_CFGMEM [lindex [get_hw_devices] 0 ]]
set_property PROGRAM.CFG_PROGRAM  1 [ get_property PROGRAM.HW_CFGMEM [lindex [get_hw_devices] 0 ]]
set_property PROGRAM.VERIFY  1 [ get_property PROGRAM.HW_CFGMEM [lindex [get_hw_devices] 0 ]]
startgroup 
if {![string equal [get_property PROGRAM.HW_CFGMEM_TYPE  [lindex [get_hw_devices] 0]] [get_property MEM_TYPE [get_property CFGMEM_PART [get_property PROGRAM.HW_CFGMEM [lindex [get_hw_devices] 0 ]]]]] }  { create_hw_bitstream -hw_device [lindex [get_hw_devices] 0] [get_property PROGRAM.HW_CFGMEM_BITFILE [ lindex [get_hw_devices] 0]]; program_hw_devices [lindex [get_hw_devices] 0]; }; 
INFO: [Labtools 27-32] Done pin status: HIGH
program_hw_cfgmem -hw_cfgmem [get_property PROGRAM.HW_CFGMEM [lindex [get_hw_devices] 0 ]]
Mfg ID : 20   Memory Type : ba   Memory Capacity : 19
Performing Erase Operation...
Erase Operation successful.
Performing Program Operation...
Program Operation successful.
Performing Verify Operation...
Verify Operation successful.
INFO: [Labtoolstcl 44-377] Flash programming completed successfully
program_hw_cfgmem: Time (s): cpu = 00:00:00.78 ; elapsed = 00:00:54 . Memory (MB): peak = 5883.035 ; gain = 0.000 ; free physical = 4702 ; free virtual = 24206
endgroup
set_property PROGRAM.ADDRESS_RANGE  {use_file} [ get_property PROGRAM.HW_CFGMEM [lindex [get_hw_devices] 0 ]]
set_property PROGRAM.FILES [list "/home/delphin/svn2/brynhild/InnoRoute/trustnode_2015.09.5_AC701_build-XXX.mcs" ] [ get_property PROGRAM.HW_CFGMEM [lindex [get_hw_devices] 0]]
set_property PROGRAM.UNUSED_PIN_TERMINATION {pull-none} [ get_property PROGRAM.HW_CFGMEM [lindex [get_hw_devices] 0 ]]
set_property PROGRAM.BLANK_CHECK  0 [ get_property PROGRAM.HW_CFGMEM [lindex [get_hw_devices] 0 ]]
set_property PROGRAM.ERASE  1 [ get_property PROGRAM.HW_CFGMEM [lindex [get_hw_devices] 0 ]]
set_property PROGRAM.CFG_PROGRAM  1 [ get_property PROGRAM.HW_CFGMEM [lindex [get_hw_devices] 0 ]]
set_property PROGRAM.VERIFY  1 [ get_property PROGRAM.HW_CFGMEM [lindex [get_hw_devices] 0 ]]
startgroup 
if {![string equal [get_property PROGRAM.HW_CFGMEM_TYPE  [lindex [get_hw_devices] 0]] [get_property MEM_TYPE [get_property CFGMEM_PART [get_property PROGRAM.HW_CFGMEM [lindex [get_hw_devices] 0 ]]]]] }  { create_hw_bitstream -hw_device [lindex [get_hw_devices] 0] [get_property PROGRAM.HW_CFGMEM_BITFILE [ lindex [get_hw_devices] 0]]; program_hw_devices [lindex [get_hw_devices] 0]; }; 
INFO: [Labtools 27-32] Done pin status: HIGH
program_hw_cfgmem -hw_cfgmem [get_property PROGRAM.HW_CFGMEM [lindex [get_hw_devices] 0 ]]
Mfg ID : 20   Memory Type : ba   Memory Capacity : 19
Performing Erase Operation...
Erase Operation successful.
Performing Program Operation...
Program Operation successful.
Performing Verify Operation...
Verify Operation successful.
INFO: [Labtoolstcl 44-377] Flash programming completed successfully
program_hw_cfgmem: Time (s): cpu = 00:00:00.74 ; elapsed = 00:00:51 . Memory (MB): peak = 5883.652 ; gain = 0.000 ; free physical = 4698 ; free virtual = 24197
endgroup
set_property PROGRAM.ADDRESS_RANGE  {use_file} [ get_property PROGRAM.HW_CFGMEM [lindex [get_hw_devices] 0 ]]
set_property PROGRAM.FILES [list "/home/delphin/svn2/brynhild/InnoRoute/trustnode_2015.09.4_AC701_build-XXX.mcs" ] [ get_property PROGRAM.HW_CFGMEM [lindex [get_hw_devices] 0]]
set_property PROGRAM.UNUSED_PIN_TERMINATION {pull-none} [ get_property PROGRAM.HW_CFGMEM [lindex [get_hw_devices] 0 ]]
set_property PROGRAM.BLANK_CHECK  0 [ get_property PROGRAM.HW_CFGMEM [lindex [get_hw_devices] 0 ]]
set_property PROGRAM.ERASE  1 [ get_property PROGRAM.HW_CFGMEM [lindex [get_hw_devices] 0 ]]
set_property PROGRAM.CFG_PROGRAM  1 [ get_property PROGRAM.HW_CFGMEM [lindex [get_hw_devices] 0 ]]
set_property PROGRAM.VERIFY  1 [ get_property PROGRAM.HW_CFGMEM [lindex [get_hw_devices] 0 ]]
startgroup 
if {![string equal [get_property PROGRAM.HW_CFGMEM_TYPE  [lindex [get_hw_devices] 0]] [get_property MEM_TYPE [get_property CFGMEM_PART [get_property PROGRAM.HW_CFGMEM [lindex [get_hw_devices] 0 ]]]]] }  { create_hw_bitstream -hw_device [lindex [get_hw_devices] 0] [get_property PROGRAM.HW_CFGMEM_BITFILE [ lindex [get_hw_devices] 0]]; program_hw_devices [lindex [get_hw_devices] 0]; }; 
INFO: [Labtools 27-32] Done pin status: HIGH
program_hw_cfgmem -hw_cfgmem [get_property PROGRAM.HW_CFGMEM [lindex [get_hw_devices] 0 ]]
Mfg ID : 20   Memory Type : ba   Memory Capacity : 19
Performing Erase Operation...
Erase Operation successful.
Performing Program Operation...
Program Operation successful.
Performing Verify Operation...
Verify Operation successful.
INFO: [Labtoolstcl 44-377] Flash programming completed successfully
program_hw_cfgmem: Time (s): cpu = 00:00:00.65 ; elapsed = 00:00:51 . Memory (MB): peak = 5883.652 ; gain = 0.000 ; free physical = 4709 ; free virtual = 24211
endgroup
set_property PROGRAM.ADDRESS_RANGE  {use_file} [ get_property PROGRAM.HW_CFGMEM [lindex [get_hw_devices] 0 ]]
set_property PROGRAM.FILES [list "/home/delphin/svn2/brynhild/InnoRoute/trustnode_2015.09.6_AC701_build-XXX.mcs" ] [ get_property PROGRAM.HW_CFGMEM [lindex [get_hw_devices] 0]]
set_property PROGRAM.UNUSED_PIN_TERMINATION {pull-none} [ get_property PROGRAM.HW_CFGMEM [lindex [get_hw_devices] 0 ]]
set_property PROGRAM.BLANK_CHECK  0 [ get_property PROGRAM.HW_CFGMEM [lindex [get_hw_devices] 0 ]]
set_property PROGRAM.ERASE  1 [ get_property PROGRAM.HW_CFGMEM [lindex [get_hw_devices] 0 ]]
set_property PROGRAM.CFG_PROGRAM  1 [ get_property PROGRAM.HW_CFGMEM [lindex [get_hw_devices] 0 ]]
set_property PROGRAM.VERIFY  1 [ get_property PROGRAM.HW_CFGMEM [lindex [get_hw_devices] 0 ]]
startgroup 
if {![string equal [get_property PROGRAM.HW_CFGMEM_TYPE  [lindex [get_hw_devices] 0]] [get_property MEM_TYPE [get_property CFGMEM_PART [get_property PROGRAM.HW_CFGMEM [lindex [get_hw_devices] 0 ]]]]] }  { create_hw_bitstream -hw_device [lindex [get_hw_devices] 0] [get_property PROGRAM.HW_CFGMEM_BITFILE [ lindex [get_hw_devices] 0]]; program_hw_devices [lindex [get_hw_devices] 0]; }; 
INFO: [Labtools 27-32] Done pin status: HIGH
program_hw_cfgmem -hw_cfgmem [get_property PROGRAM.HW_CFGMEM [lindex [get_hw_devices] 0 ]]
Mfg ID : 20   Memory Type : ba   Memory Capacity : 19
Performing Erase Operation...
Erase Operation successful.
Performing Program Operation...
Program Operation successful.
Performing Verify Operation...
Verify Operation successful.
INFO: [Labtoolstcl 44-377] Flash programming completed successfully
program_hw_cfgmem: Time (s): cpu = 00:00:00.76 ; elapsed = 00:00:54 . Memory (MB): peak = 5883.652 ; gain = 0.000 ; free physical = 4713 ; free virtual = 24222
endgroup
set_property PROGRAM.ADDRESS_RANGE  {use_file} [ get_property PROGRAM.HW_CFGMEM [lindex [get_hw_devices] 0 ]]
set_property PROGRAM.FILES [list "/home/delphin/svn2/brynhild/InnoRoute/trustnode_2015.09.5_AC701_build-XXX.mcs" ] [ get_property PROGRAM.HW_CFGMEM [lindex [get_hw_devices] 0]]
set_property PROGRAM.UNUSED_PIN_TERMINATION {pull-none} [ get_property PROGRAM.HW_CFGMEM [lindex [get_hw_devices] 0 ]]
set_property PROGRAM.BLANK_CHECK  0 [ get_property PROGRAM.HW_CFGMEM [lindex [get_hw_devices] 0 ]]
set_property PROGRAM.ERASE  1 [ get_property PROGRAM.HW_CFGMEM [lindex [get_hw_devices] 0 ]]
set_property PROGRAM.CFG_PROGRAM  1 [ get_property PROGRAM.HW_CFGMEM [lindex [get_hw_devices] 0 ]]
set_property PROGRAM.VERIFY  1 [ get_property PROGRAM.HW_CFGMEM [lindex [get_hw_devices] 0 ]]
startgroup 
if {![string equal [get_property PROGRAM.HW_CFGMEM_TYPE  [lindex [get_hw_devices] 0]] [get_property MEM_TYPE [get_property CFGMEM_PART [get_property PROGRAM.HW_CFGMEM [lindex [get_hw_devices] 0 ]]]]] }  { create_hw_bitstream -hw_device [lindex [get_hw_devices] 0] [get_property PROGRAM.HW_CFGMEM_BITFILE [ lindex [get_hw_devices] 0]]; program_hw_devices [lindex [get_hw_devices] 0]; }; 
INFO: [Labtools 27-32] Done pin status: HIGH
program_hw_cfgmem -hw_cfgmem [get_property PROGRAM.HW_CFGMEM [lindex [get_hw_devices] 0 ]]
Mfg ID : 20   Memory Type : ba   Memory Capacity : 19
Performing Erase Operation...
Erase Operation successful.
Performing Program Operation...
Program Operation successful.
Performing Verify Operation...
Verify Operation successful.
INFO: [Labtoolstcl 44-377] Flash programming completed successfully
program_hw_cfgmem: Time (s): cpu = 00:00:02 ; elapsed = 00:00:51 . Memory (MB): peak = 5892.531 ; gain = 0.004 ; free physical = 4782 ; free virtual = 24212
endgroup
set_property PROGRAM.ADDRESS_RANGE  {use_file} [ get_property PROGRAM.HW_CFGMEM [lindex [get_hw_devices] 0 ]]
set_property PROGRAM.FILES [list "/home/delphin/svn2/brynhild/InnoRoute/trustnode_2015.09.6_AC701_build-XXX.mcs" ] [ get_property PROGRAM.HW_CFGMEM [lindex [get_hw_devices] 0]]
set_property PROGRAM.UNUSED_PIN_TERMINATION {pull-none} [ get_property PROGRAM.HW_CFGMEM [lindex [get_hw_devices] 0 ]]
set_property PROGRAM.BLANK_CHECK  0 [ get_property PROGRAM.HW_CFGMEM [lindex [get_hw_devices] 0 ]]
set_property PROGRAM.ERASE  1 [ get_property PROGRAM.HW_CFGMEM [lindex [get_hw_devices] 0 ]]
set_property PROGRAM.CFG_PROGRAM  1 [ get_property PROGRAM.HW_CFGMEM [lindex [get_hw_devices] 0 ]]
set_property PROGRAM.VERIFY  1 [ get_property PROGRAM.HW_CFGMEM [lindex [get_hw_devices] 0 ]]
startgroup 
if {![string equal [get_property PROGRAM.HW_CFGMEM_TYPE  [lindex [get_hw_devices] 0]] [get_property MEM_TYPE [get_property CFGMEM_PART [get_property PROGRAM.HW_CFGMEM [lindex [get_hw_devices] 0 ]]]]] }  { create_hw_bitstream -hw_device [lindex [get_hw_devices] 0] [get_property PROGRAM.HW_CFGMEM_BITFILE [ lindex [get_hw_devices] 0]]; program_hw_devices [lindex [get_hw_devices] 0]; }; 
INFO: [Labtools 27-32] Done pin status: HIGH
program_hw_cfgmem -hw_cfgmem [get_property PROGRAM.HW_CFGMEM [lindex [get_hw_devices] 0 ]]
Mfg ID : 20   Memory Type : ba   Memory Capacity : 19
Performing Erase Operation...
Erase Operation successful.
Performing Program Operation...
Program Operation successful.
Performing Verify Operation...
Verify Operation successful.
INFO: [Labtoolstcl 44-377] Flash programming completed successfully
program_hw_cfgmem: Time (s): cpu = 00:00:00.75 ; elapsed = 00:00:54 . Memory (MB): peak = 5898.148 ; gain = 0.000 ; free physical = 4637 ; free virtual = 24157
endgroup
set_property PROGRAM.ADDRESS_RANGE  {use_file} [ get_property PROGRAM.HW_CFGMEM [lindex [get_hw_devices] 0 ]]
set_property PROGRAM.FILES [list "/home/delphin/svn2/brynhild/InnoRoute/trustnode_2015.09.5_AC701_build-XXX.mcs" ] [ get_property PROGRAM.HW_CFGMEM [lindex [get_hw_devices] 0]]
set_property PROGRAM.UNUSED_PIN_TERMINATION {pull-none} [ get_property PROGRAM.HW_CFGMEM [lindex [get_hw_devices] 0 ]]
set_property PROGRAM.BLANK_CHECK  0 [ get_property PROGRAM.HW_CFGMEM [lindex [get_hw_devices] 0 ]]
set_property PROGRAM.ERASE  1 [ get_property PROGRAM.HW_CFGMEM [lindex [get_hw_devices] 0 ]]
set_property PROGRAM.CFG_PROGRAM  1 [ get_property PROGRAM.HW_CFGMEM [lindex [get_hw_devices] 0 ]]
set_property PROGRAM.VERIFY  1 [ get_property PROGRAM.HW_CFGMEM [lindex [get_hw_devices] 0 ]]
startgroup 
if {![string equal [get_property PROGRAM.HW_CFGMEM_TYPE  [lindex [get_hw_devices] 0]] [get_property MEM_TYPE [get_property CFGMEM_PART [get_property PROGRAM.HW_CFGMEM [lindex [get_hw_devices] 0 ]]]]] }  { create_hw_bitstream -hw_device [lindex [get_hw_devices] 0] [get_property PROGRAM.HW_CFGMEM_BITFILE [ lindex [get_hw_devices] 0]]; program_hw_devices [lindex [get_hw_devices] 0]; }; 
INFO: [Labtools 27-32] Done pin status: HIGH
program_hw_cfgmem -hw_cfgmem [get_property PROGRAM.HW_CFGMEM [lindex [get_hw_devices] 0 ]]
Mfg ID : 20   Memory Type : ba   Memory Capacity : 19
Performing Erase Operation...
Erase Operation successful.
Performing Program Operation...
Program Operation successful.
Performing Verify Operation...
Verify Operation successful.
INFO: [Labtoolstcl 44-377] Flash programming completed successfully
program_hw_cfgmem: Time (s): cpu = 00:00:00.82 ; elapsed = 00:00:51 . Memory (MB): peak = 5898.148 ; gain = 0.000 ; free physical = 4652 ; free virtual = 24167
endgroup
set_property PROGRAM.ADDRESS_RANGE  {use_file} [ get_property PROGRAM.HW_CFGMEM [lindex [get_hw_devices] 0 ]]
set_property PROGRAM.FILES [list "/home/delphin/svn2/brynhild/InnoRoute/trustnode_2015.09.6_AC701_build-XXX.mcs" ] [ get_property PROGRAM.HW_CFGMEM [lindex [get_hw_devices] 0]]
set_property PROGRAM.UNUSED_PIN_TERMINATION {pull-none} [ get_property PROGRAM.HW_CFGMEM [lindex [get_hw_devices] 0 ]]
set_property PROGRAM.BLANK_CHECK  0 [ get_property PROGRAM.HW_CFGMEM [lindex [get_hw_devices] 0 ]]
set_property PROGRAM.ERASE  1 [ get_property PROGRAM.HW_CFGMEM [lindex [get_hw_devices] 0 ]]
set_property PROGRAM.CFG_PROGRAM  1 [ get_property PROGRAM.HW_CFGMEM [lindex [get_hw_devices] 0 ]]
set_property PROGRAM.VERIFY  1 [ get_property PROGRAM.HW_CFGMEM [lindex [get_hw_devices] 0 ]]
startgroup 
if {![string equal [get_property PROGRAM.HW_CFGMEM_TYPE  [lindex [get_hw_devices] 0]] [get_property MEM_TYPE [get_property CFGMEM_PART [get_property PROGRAM.HW_CFGMEM [lindex [get_hw_devices] 0 ]]]]] }  { create_hw_bitstream -hw_device [lindex [get_hw_devices] 0] [get_property PROGRAM.HW_CFGMEM_BITFILE [ lindex [get_hw_devices] 0]]; program_hw_devices [lindex [get_hw_devices] 0]; }; 
INFO: [Labtools 27-32] Done pin status: HIGH
program_hw_cfgmem -hw_cfgmem [get_property PROGRAM.HW_CFGMEM [lindex [get_hw_devices] 0 ]]
Mfg ID : 20   Memory Type : ba   Memory Capacity : 19
Performing Erase Operation...
Erase Operation successful.
Performing Program Operation...
Program Operation successful.
Performing Verify Operation...
Verify Operation successful.
INFO: [Labtoolstcl 44-377] Flash programming completed successfully
program_hw_cfgmem: Time (s): cpu = 00:00:00.67 ; elapsed = 00:00:54 . Memory (MB): peak = 5898.148 ; gain = 0.000 ; free physical = 4680 ; free virtual = 24189
endgroup
set_property PROGRAM.ADDRESS_RANGE  {use_file} [ get_property PROGRAM.HW_CFGMEM [lindex [get_hw_devices] 0 ]]
set_property PROGRAM.FILES [list "/home/delphin/svn2/brynhild/InnoRoute/trustnode_2015.09.5_AC701_build-XXX.mcs" ] [ get_property PROGRAM.HW_CFGMEM [lindex [get_hw_devices] 0]]
set_property PROGRAM.UNUSED_PIN_TERMINATION {pull-none} [ get_property PROGRAM.HW_CFGMEM [lindex [get_hw_devices] 0 ]]
set_property PROGRAM.BLANK_CHECK  0 [ get_property PROGRAM.HW_CFGMEM [lindex [get_hw_devices] 0 ]]
set_property PROGRAM.ERASE  1 [ get_property PROGRAM.HW_CFGMEM [lindex [get_hw_devices] 0 ]]
set_property PROGRAM.CFG_PROGRAM  1 [ get_property PROGRAM.HW_CFGMEM [lindex [get_hw_devices] 0 ]]
set_property PROGRAM.VERIFY  1 [ get_property PROGRAM.HW_CFGMEM [lindex [get_hw_devices] 0 ]]
startgroup 
if {![string equal [get_property PROGRAM.HW_CFGMEM_TYPE  [lindex [get_hw_devices] 0]] [get_property MEM_TYPE [get_property CFGMEM_PART [get_property PROGRAM.HW_CFGMEM [lindex [get_hw_devices] 0 ]]]]] }  { create_hw_bitstream -hw_device [lindex [get_hw_devices] 0] [get_property PROGRAM.HW_CFGMEM_BITFILE [ lindex [get_hw_devices] 0]]; program_hw_devices [lindex [get_hw_devices] 0]; }; 
INFO: [Labtools 27-32] Done pin status: HIGH
program_hw_cfgmem -hw_cfgmem [get_property PROGRAM.HW_CFGMEM [lindex [get_hw_devices] 0 ]]
Mfg ID : 20   Memory Type : ba   Memory Capacity : 19
Performing Erase Operation...
Erase Operation successful.
Performing Program Operation...
Program Operation successful.
Performing Verify Operation...
Verify Operation successful.
INFO: [Labtoolstcl 44-377] Flash programming completed successfully
program_hw_cfgmem: Time (s): cpu = 00:00:00.64 ; elapsed = 00:00:51 . Memory (MB): peak = 5898.148 ; gain = 0.000 ; free physical = 3891 ; free virtual = 23960
endgroup
set_property PROGRAM.ADDRESS_RANGE  {use_file} [ get_property PROGRAM.HW_CFGMEM [lindex [get_hw_devices] 0 ]]
set_property PROGRAM.FILES [list "/home/delphin/svn2/brynhild/InnoRoute/trustnode_2015.09.6_AC701_build-XXX.mcs" ] [ get_property PROGRAM.HW_CFGMEM [lindex [get_hw_devices] 0]]
set_property PROGRAM.UNUSED_PIN_TERMINATION {pull-none} [ get_property PROGRAM.HW_CFGMEM [lindex [get_hw_devices] 0 ]]
set_property PROGRAM.BLANK_CHECK  0 [ get_property PROGRAM.HW_CFGMEM [lindex [get_hw_devices] 0 ]]
set_property PROGRAM.ERASE  1 [ get_property PROGRAM.HW_CFGMEM [lindex [get_hw_devices] 0 ]]
set_property PROGRAM.CFG_PROGRAM  1 [ get_property PROGRAM.HW_CFGMEM [lindex [get_hw_devices] 0 ]]
set_property PROGRAM.VERIFY  1 [ get_property PROGRAM.HW_CFGMEM [lindex [get_hw_devices] 0 ]]
startgroup 
if {![string equal [get_property PROGRAM.HW_CFGMEM_TYPE  [lindex [get_hw_devices] 0]] [get_property MEM_TYPE [get_property CFGMEM_PART [get_property PROGRAM.HW_CFGMEM [lindex [get_hw_devices] 0 ]]]]] }  { create_hw_bitstream -hw_device [lindex [get_hw_devices] 0] [get_property PROGRAM.HW_CFGMEM_BITFILE [ lindex [get_hw_devices] 0]]; program_hw_devices [lindex [get_hw_devices] 0]; }; 
INFO: [Labtools 27-32] Done pin status: HIGH
program_hw_cfgmem -hw_cfgmem [get_property PROGRAM.HW_CFGMEM [lindex [get_hw_devices] 0 ]]
Mfg ID : 20   Memory Type : ba   Memory Capacity : 19
Performing Erase Operation...
Erase Operation successful.
Performing Program Operation...
Program Operation successful.
Performing Verify Operation...
Verify Operation successful.
INFO: [Labtoolstcl 44-377] Flash programming completed successfully
program_hw_cfgmem: Time (s): cpu = 00:00:00.76 ; elapsed = 00:00:54 . Memory (MB): peak = 5907.023 ; gain = 0.000 ; free physical = 623 ; free virtual = 24143
endgroup
set_property PROGRAM.ADDRESS_RANGE  {use_file} [ get_property PROGRAM.HW_CFGMEM [lindex [get_hw_devices] 0 ]]
set_property PROGRAM.FILES [list "/home/delphin/svn2/brynhild/InnoRoute/trustnode_2015.09.5_AC701_build-XXX.mcs" ] [ get_property PROGRAM.HW_CFGMEM [lindex [get_hw_devices] 0]]
set_property PROGRAM.UNUSED_PIN_TERMINATION {pull-none} [ get_property PROGRAM.HW_CFGMEM [lindex [get_hw_devices] 0 ]]
set_property PROGRAM.BLANK_CHECK  0 [ get_property PROGRAM.HW_CFGMEM [lindex [get_hw_devices] 0 ]]
set_property PROGRAM.ERASE  1 [ get_property PROGRAM.HW_CFGMEM [lindex [get_hw_devices] 0 ]]
set_property PROGRAM.CFG_PROGRAM  1 [ get_property PROGRAM.HW_CFGMEM [lindex [get_hw_devices] 0 ]]
set_property PROGRAM.VERIFY  1 [ get_property PROGRAM.HW_CFGMEM [lindex [get_hw_devices] 0 ]]
startgroup 
if {![string equal [get_property PROGRAM.HW_CFGMEM_TYPE  [lindex [get_hw_devices] 0]] [get_property MEM_TYPE [get_property CFGMEM_PART [get_property PROGRAM.HW_CFGMEM [lindex [get_hw_devices] 0 ]]]]] }  { create_hw_bitstream -hw_device [lindex [get_hw_devices] 0] [get_property PROGRAM.HW_CFGMEM_BITFILE [ lindex [get_hw_devices] 0]]; program_hw_devices [lindex [get_hw_devices] 0]; }; 
INFO: [Labtools 27-32] Done pin status: HIGH
program_hw_cfgmem -hw_cfgmem [get_property PROGRAM.HW_CFGMEM [lindex [get_hw_devices] 0 ]]
Mfg ID : 20   Memory Type : ba   Memory Capacity : 19
Performing Erase Operation...
Erase Operation successful.
Performing Program Operation...
Program Operation successful.
Performing Verify Operation...
Verify Operation successful.
INFO: [Labtoolstcl 44-377] Flash programming completed successfully
program_hw_cfgmem: Time (s): cpu = 00:00:00.66 ; elapsed = 00:00:51 . Memory (MB): peak = 5907.641 ; gain = 0.000 ; free physical = 549 ; free virtual = 24255
endgroup
set_property PROGRAM.ADDRESS_RANGE  {use_file} [ get_property PROGRAM.HW_CFGMEM [lindex [get_hw_devices] 0 ]]
set_property PROGRAM.FILES [list "/home/delphin/svn2/brynhild/InnoRoute/trustnode_2015.09.6_AC701_build-XXX.mcs" ] [ get_property PROGRAM.HW_CFGMEM [lindex [get_hw_devices] 0]]
set_property PROGRAM.UNUSED_PIN_TERMINATION {pull-none} [ get_property PROGRAM.HW_CFGMEM [lindex [get_hw_devices] 0 ]]
set_property PROGRAM.BLANK_CHECK  0 [ get_property PROGRAM.HW_CFGMEM [lindex [get_hw_devices] 0 ]]
set_property PROGRAM.ERASE  1 [ get_property PROGRAM.HW_CFGMEM [lindex [get_hw_devices] 0 ]]
set_property PROGRAM.CFG_PROGRAM  1 [ get_property PROGRAM.HW_CFGMEM [lindex [get_hw_devices] 0 ]]
set_property PROGRAM.VERIFY  1 [ get_property PROGRAM.HW_CFGMEM [lindex [get_hw_devices] 0 ]]
startgroup 
if {![string equal [get_property PROGRAM.HW_CFGMEM_TYPE  [lindex [get_hw_devices] 0]] [get_property MEM_TYPE [get_property CFGMEM_PART [get_property PROGRAM.HW_CFGMEM [lindex [get_hw_devices] 0 ]]]]] }  { create_hw_bitstream -hw_device [lindex [get_hw_devices] 0] [get_property PROGRAM.HW_CFGMEM_BITFILE [ lindex [get_hw_devices] 0]]; program_hw_devices [lindex [get_hw_devices] 0]; }; 
INFO: [Labtools 27-32] Done pin status: HIGH
program_hw_cfgmem -hw_cfgmem [get_property PROGRAM.HW_CFGMEM [lindex [get_hw_devices] 0 ]]
Mfg ID : 20   Memory Type : ba   Memory Capacity : 19
Performing Erase Operation...
Erase Operation successful.
Performing Program Operation...
Program Operation successful.
Performing Verify Operation...
Verify Operation successful.
INFO: [Labtoolstcl 44-377] Flash programming completed successfully
program_hw_cfgmem: Time (s): cpu = 00:00:00.80 ; elapsed = 00:00:54 . Memory (MB): peak = 5907.641 ; gain = 0.000 ; free physical = 480 ; free virtual = 24246
endgroup
exit
INFO: [Common 17-206] Exiting Vivado at Mon Oct 12 14:45:40 2015...
